Possible file format: MS-DOS executable (EXE) (C:\Program Files\IDA Pro 7.5\loaders\dos.dll)
Possible file format: Portable executable for 80386 (PE) (C:\Program Files\IDA Pro 7.5\loaders\pe.dll)

  bytes   pages size description
--------- ----- ---- --------------------------------------------
  6782976   828 8192 allocating memory for b-tree...
  6782976   828 8192 allocating memory for virtual array...
   262144    32 8192 allocating memory for name pointers...
-----------------------------------------------------------------
 13828096            total memory allocated

Loading file 'C:\Users\User\Desktop\office-hooker\targets\ntdll.dll' into database...
Detected file format: Portable executable for 80386 (PE)
Loading processor module C:\Program Files\IDA Pro 7.5\procs\pc.dll for metapc...Initializing processor module metapc...OK
Autoanalysis subsystem has been initialized.
  0. Creating a new segment  (4B281000-4B3A1000) ... ... OK
  1. Creating a new segment  (4B3A1000-4B3A2000) ... ... OK
  2. Creating a new segment  (4B3A2000-4B3A3000) ... ... OK
  3. Creating a new segment  (4B3A3000-4B3A9000) ... ... OK
  4. Creating a new segment  (4B3A9000-4B3AC000) ... ... OK
  5. Creating a new segment  (4B3AC000-4B3AD000) ... ... OK
Reading exports directory...
Applying fixups...
PDB: using PDBIDA provider
PDB: loading C:\Users\User\AppData\Local\Temp\ida\wntdll.pdb\B6EB6DFF017F36A18E8034D67B4DA9941\wntdll.pdb
Type library 'mssdk_win7' loaded. Applying types...
Types applied to 71 names.
PDB: loaded 1244 types
PDB: total 4910 symbols loaded for "C:\Users\User\Desktop\office-hooker\targets\ntdll.dll"
Unknown debug info type 20 in IMAGE_DEBUG_DIRECTORY
Plan  FLIRT signature: SEH for vc7-14
Marking typical code sequences...
Flushing buffers, please wait...ok
File 'C:\Users\User\Desktop\office-hooker\targets\ntdll.dll' has been successfully loaded into the database.
Hex-Rays Decompiler plugin has been loaded (v7.5.0.200519)
  License: 57-BD5B-7F44-5D Institute of Information Engineering,Chinese Academy of Sciences (1 user)
  The hotkeys are F5: decompile, Ctrl-F5: decompile all.
  Please check the Edit/Plugins menu for more informaton.
IDAPython Hex-Rays bindings initialized.
IDA is analysing the input file...
You may start to explore the input file right now.
Using FLIRT signature: SEH for vc7-14
Propagating type information...
Function argument information has been propagated
The initial autoanalysis has been finished.
Enum function list length: 4281
Flushing buffers, please wait...ok
Unloading IDP module C:\Program Files\IDA Pro 7.5\procs\pc.dll...
Possible file format: MS-DOS executable (EXE) (C:\Program Files\IDA Pro 7.5\loaders\dos.dll)
Possible file format: Portable executable for 80386 (PE) (C:\Program Files\IDA Pro 7.5\loaders\pe.dll)

  bytes   pages size description
--------- ----- ---- --------------------------------------------
  6782976   828 8192 allocating memory for b-tree...
  6782976   828 8192 allocating memory for virtual array...
   262144    32 8192 allocating memory for name pointers...
-----------------------------------------------------------------
 13828096            total memory allocated

Loading file 'C:\Users\User\Desktop\office-hooker\targets\ntdll.dll' into database...
Detected file format: Portable executable for 80386 (PE)
Loading processor module C:\Program Files\IDA Pro 7.5\procs\pc.dll for metapc...Initializing processor module metapc...OK
Autoanalysis subsystem has been initialized.
  0. Creating a new segment  (4B281000-4B3A1000) ... ... OK
  1. Creating a new segment  (4B3A1000-4B3A2000) ... ... OK
  2. Creating a new segment  (4B3A2000-4B3A3000) ... ... OK
  3. Creating a new segment  (4B3A3000-4B3A9000) ... ... OK
  4. Creating a new segment  (4B3A9000-4B3AC000) ... ... OK
  5. Creating a new segment  (4B3AC000-4B3AD000) ... ... OK
Reading exports directory...
Applying fixups...
The input file was linked with debug information
 and the symbol filename is:
"wntdll.pdb"
Do you want to look for this file at the specified path
and the Microsoft Symbol Server?
 -> ~Y~es
PDB: using PDBIDA provider
PDB: loading C:\Users\User\AppData\Local\Temp\ida\wntdll.pdb\B6EB6DFF017F36A18E8034D67B4DA9941\wntdll.pdb
Type library 'mssdk_win7' loaded. Applying types...
Types applied to 71 names.
PDB: loaded 1244 types
PDB: total 4910 symbols loaded for "C:\Users\User\Desktop\office-hooker\targets\ntdll.dll"
Unknown debug info type 20 in IMAGE_DEBUG_DIRECTORY
Plan  FLIRT signature: SEH for vc7-14
Marking typical code sequences...
Flushing buffers, please wait...ok
File 'C:\Users\User\Desktop\office-hooker\targets\ntdll.dll' has been successfully loaded into the database.
Hex-Rays Decompiler plugin has been loaded (v7.5.0.200519)
  License: 57-BD5B-7F44-5D Institute of Information Engineering,Chinese Academy of Sciences (1 user)
  The hotkeys are F5: decompile, Ctrl-F5: decompile all.
  Please check the Edit/Plugins menu for more informaton.
IDAPython Hex-Rays bindings initialized.
IDA is analysing the input file...
You may start to explore the input file right now.
Using FLIRT signature: SEH for vc7-14
Propagating type information...
Function argument information has been propagated
The initial autoanalysis has been finished.
Enum function list length: 4281
Flushing buffers, please wait...ok
Unloading IDP module C:\Program Files\IDA Pro 7.5\procs\pc.dll...
Possible file format: MS-DOS executable (EXE) (C:\Program Files\IDA Pro 7.5\loaders\dos.dll)
Possible file format: Portable executable for 80386 (PE) (C:\Program Files\IDA Pro 7.5\loaders\pe.dll)

  bytes   pages size description
--------- ----- ---- --------------------------------------------
  6782976   828 8192 allocating memory for b-tree...
  6782976   828 8192 allocating memory for virtual array...
   262144    32 8192 allocating memory for name pointers...
-----------------------------------------------------------------
 13828096            total memory allocated

Loading file 'C:\Users\User\Desktop\office-hooker\targets\ntdll.dll' into database...
Detected file format: Portable executable for 80386 (PE)
Loading processor module C:\Program Files\IDA Pro 7.5\procs\pc.dll for metapc...Initializing processor module metapc...OK
Autoanalysis subsystem has been initialized.
  0. Creating a new segment  (4B281000-4B3A1000) ... ... OK
  1. Creating a new segment  (4B3A1000-4B3A2000) ... ... OK
  2. Creating a new segment  (4B3A2000-4B3A3000) ... ... OK
  3. Creating a new segment  (4B3A3000-4B3A9000) ... ... OK
  4. Creating a new segment  (4B3A9000-4B3AC000) ... ... OK
  5. Creating a new segment  (4B3AC000-4B3AD000) ... ... OK
Reading exports directory...
Applying fixups...
The input file was linked with debug information
 and the symbol filename is:
"wntdll.pdb"
Do you want to look for this file at the specified path
and the Microsoft Symbol Server?
 -> ~Y~es
PDB: using PDBIDA provider
PDB: loading C:\Users\User\AppData\Local\Temp\ida\wntdll.pdb\B6EB6DFF017F36A18E8034D67B4DA9941\wntdll.pdb
Type library 'mssdk_win7' loaded. Applying types...
Types applied to 71 names.
PDB: loaded 1244 types
PDB: total 4910 symbols loaded for "C:\Users\User\Desktop\office-hooker\targets\ntdll.dll"
Unknown debug info type 20 in IMAGE_DEBUG_DIRECTORY
Plan  FLIRT signature: SEH for vc7-14
Marking typical code sequences...
Flushing buffers, please wait...ok
File 'C:\Users\User\Desktop\office-hooker\targets\ntdll.dll' has been successfully loaded into the database.
Hex-Rays Decompiler plugin has been loaded (v7.5.0.200519)
  License: 57-BD5B-7F44-5D Institute of Information Engineering,Chinese Academy of Sciences (1 user)
  The hotkeys are F5: decompile, Ctrl-F5: decompile all.
  Please check the Edit/Plugins menu for more informaton.
IDAPython Hex-Rays bindings initialized.
IDA is analysing the input file...
You may start to explore the input file right now.
Using FLIRT signature: SEH for vc7-14
Propagating type information...
Function argument information has been propagated
The initial autoanalysis has been finished.
Enum function list length: 4281
Flushing buffers, please wait...ok
Unloading IDP module C:\Program Files\IDA Pro 7.5\procs\pc.dll...
Possible file format: MS-DOS executable (EXE) (C:\Program Files\IDA Pro 7.5\loaders\dos.dll)
Possible file format: Portable executable for 80386 (PE) (C:\Program Files\IDA Pro 7.5\loaders\pe.dll)

  bytes   pages size description
--------- ----- ---- --------------------------------------------
  6782976   828 8192 allocating memory for b-tree...
  6782976   828 8192 allocating memory for virtual array...
   262144    32 8192 allocating memory for name pointers...
-----------------------------------------------------------------
 13828096            total memory allocated

Loading file 'C:\Users\User\Desktop\office-hooker\targets\ntdll.dll' into database...
Detected file format: Portable executable for 80386 (PE)
Loading processor module C:\Program Files\IDA Pro 7.5\procs\pc.dll for metapc...Initializing processor module metapc...OK
Autoanalysis subsystem has been initialized.
  0. Creating a new segment  (4B281000-4B3A1000) ... ... OK
  1. Creating a new segment  (4B3A1000-4B3A2000) ... ... OK
  2. Creating a new segment  (4B3A2000-4B3A3000) ... ... OK
  3. Creating a new segment  (4B3A3000-4B3A9000) ... ... OK
  4. Creating a new segment  (4B3A9000-4B3AC000) ... ... OK
  5. Creating a new segment  (4B3AC000-4B3AD000) ... ... OK
Reading exports directory...
Applying fixups...
The input file was linked with debug information
 and the symbol filename is:
"wntdll.pdb"
Do you want to look for this file at the specified path
and the Microsoft Symbol Server?
 -> ~Y~es
PDB: using PDBIDA provider
PDB: loading C:\Users\User\AppData\Local\Temp\ida\wntdll.pdb\B6EB6DFF017F36A18E8034D67B4DA9941\wntdll.pdb
Type library 'mssdk_win7' loaded. Applying types...
Types applied to 71 names.
PDB: loaded 1244 types
PDB: total 4910 symbols loaded for "C:\Users\User\Desktop\office-hooker\targets\ntdll.dll"
Unknown debug info type 20 in IMAGE_DEBUG_DIRECTORY
Plan  FLIRT signature: SEH for vc7-14
Marking typical code sequences...
Flushing buffers, please wait...ok
File 'C:\Users\User\Desktop\office-hooker\targets\ntdll.dll' has been successfully loaded into the database.
Hex-Rays Decompiler plugin has been loaded (v7.5.0.200519)
  License: 57-BD5B-7F44-5D Institute of Information Engineering,Chinese Academy of Sciences (1 user)
  The hotkeys are F5: decompile, Ctrl-F5: decompile all.
  Please check the Edit/Plugins menu for more informaton.
IDAPython Hex-Rays bindings initialized.
IDA is analysing the input file...
You may start to explore the input file right now.
Using FLIRT signature: SEH for vc7-14
Propagating type information...
Function argument information has been propagated
The initial autoanalysis has been finished.
Enum function list length: 4281
Flushing buffers, please wait...ok
Unloading IDP module C:\Program Files\IDA Pro 7.5\procs\pc.dll...
Possible file format: MS-DOS executable (EXE) (C:\Program Files\IDA Pro 7.5\loaders\dos.dll)
Possible file format: Portable executable for 80386 (PE) (C:\Program Files\IDA Pro 7.5\loaders\pe.dll)

  bytes   pages size description
--------- ----- ---- --------------------------------------------
  6782976   828 8192 allocating memory for b-tree...
  6782976   828 8192 allocating memory for virtual array...
   262144    32 8192 allocating memory for name pointers...
-----------------------------------------------------------------
 13828096            total memory allocated

Loading file 'C:\Users\User\Desktop\office-hooker\targets\ntdll.dll' into database...
Detected file format: Portable executable for 80386 (PE)
Loading processor module C:\Program Files\IDA Pro 7.5\procs\pc.dll for metapc...Initializing processor module metapc...OK
Autoanalysis subsystem has been initialized.
  0. Creating a new segment  (4B281000-4B3A1000) ... ... OK
  1. Creating a new segment  (4B3A1000-4B3A2000) ... ... OK
  2. Creating a new segment  (4B3A2000-4B3A3000) ... ... OK
  3. Creating a new segment  (4B3A3000-4B3A9000) ... ... OK
  4. Creating a new segment  (4B3A9000-4B3AC000) ... ... OK
  5. Creating a new segment  (4B3AC000-4B3AD000) ... ... OK
Reading exports directory...
Applying fixups...
The input file was linked with debug information
 and the symbol filename is:
"wntdll.pdb"
Do you want to look for this file at the specified path
and the Microsoft Symbol Server?
 -> ~Y~es
PDB: using PDBIDA provider
PDB: loading C:\Users\User\AppData\Local\Temp\ida\wntdll.pdb\B6EB6DFF017F36A18E8034D67B4DA9941\wntdll.pdb
Type library 'mssdk_win7' loaded. Applying types...
Types applied to 71 names.
PDB: loaded 1244 types
PDB: total 4910 symbols loaded for "C:\Users\User\Desktop\office-hooker\targets\ntdll.dll"
Unknown debug info type 20 in IMAGE_DEBUG_DIRECTORY
Plan  FLIRT signature: SEH for vc7-14
Marking typical code sequences...
Flushing buffers, please wait...ok
File 'C:\Users\User\Desktop\office-hooker\targets\ntdll.dll' has been successfully loaded into the database.
Hex-Rays Decompiler plugin has been loaded (v7.5.0.200519)
  License: 57-BD5B-7F44-5D Institute of Information Engineering,Chinese Academy of Sciences (1 user)
  The hotkeys are F5: decompile, Ctrl-F5: decompile all.
  Please check the Edit/Plugins menu for more informaton.
IDAPython Hex-Rays bindings initialized.
IDA is analysing the input file...
You may start to explore the input file right now.
Using FLIRT signature: SEH for vc7-14
Propagating type information...
Function argument information has been propagated
The initial autoanalysis has been finished.
Enum function list length: 4281
Flushing buffers, please wait...ok
Unloading IDP module C:\Program Files\IDA Pro 7.5\procs\pc.dll...
Possible file format: MS-DOS executable (EXE) (C:\Program Files\IDA Pro 7.5\loaders\dos.dll)
Possible file format: Portable executable for 80386 (PE) (C:\Program Files\IDA Pro 7.5\loaders\pe.dll)

  bytes   pages size description
--------- ----- ---- --------------------------------------------
  6782976   828 8192 allocating memory for b-tree...
  6782976   828 8192 allocating memory for virtual array...
   262144    32 8192 allocating memory for name pointers...
-----------------------------------------------------------------
 13828096            total memory allocated

Loading file 'C:\Users\User\Desktop\office-hooker\targets\ntdll.dll' into database...
Detected file format: Portable executable for 80386 (PE)
Loading processor module C:\Program Files\IDA Pro 7.5\procs\pc.dll for metapc...Initializing processor module metapc...OK
Autoanalysis subsystem has been initialized.
  0. Creating a new segment  (4B281000-4B3A1000) ... ... OK
  1. Creating a new segment  (4B3A1000-4B3A2000) ... ... OK
  2. Creating a new segment  (4B3A2000-4B3A3000) ... ... OK
  3. Creating a new segment  (4B3A3000-4B3A9000) ... ... OK
  4. Creating a new segment  (4B3A9000-4B3AC000) ... ... OK
  5. Creating a new segment  (4B3AC000-4B3AD000) ... ... OK
Reading exports directory...
Applying fixups...
The input file was linked with debug information
 and the symbol filename is:
"wntdll.pdb"
Do you want to look for this file at the specified path
and the Microsoft Symbol Server?
 -> ~Y~es
PDB: using PDBIDA provider
PDB: loading C:\Users\User\AppData\Local\Temp\ida\wntdll.pdb\B6EB6DFF017F36A18E8034D67B4DA9941\wntdll.pdb
Type library 'mssdk_win7' loaded. Applying types...
Types applied to 71 names.
PDB: loaded 1244 types
PDB: total 4910 symbols loaded for "C:\Users\User\Desktop\office-hooker\targets\ntdll.dll"
Unknown debug info type 20 in IMAGE_DEBUG_DIRECTORY
Plan  FLIRT signature: SEH for vc7-14
Marking typical code sequences...
Flushing buffers, please wait...ok
File 'C:\Users\User\Desktop\office-hooker\targets\ntdll.dll' has been successfully loaded into the database.
Hex-Rays Decompiler plugin has been loaded (v7.5.0.200519)
  License: 57-BD5B-7F44-5D Institute of Information Engineering,Chinese Academy of Sciences (1 user)
  The hotkeys are F5: decompile, Ctrl-F5: decompile all.
  Please check the Edit/Plugins menu for more informaton.
IDAPython Hex-Rays bindings initialized.
IDA is analysing the input file...
You may start to explore the input file right now.
Using FLIRT signature: SEH for vc7-14
Propagating type information...
Function argument information has been propagated
The initial autoanalysis has been finished.
Enum function list length: 4281
Flushing buffers, please wait...ok
Unloading IDP module C:\Program Files\IDA Pro 7.5\procs\pc.dll...
Possible file format: MS-DOS executable (EXE) (C:\Program Files\IDA Pro 7.5\loaders\dos.dll)
Possible file format: Portable executable for 80386 (PE) (C:\Program Files\IDA Pro 7.5\loaders\pe.dll)

  bytes   pages size description
--------- ----- ---- --------------------------------------------
  6782976   828 8192 allocating memory for b-tree...
  6782976   828 8192 allocating memory for virtual array...
   262144    32 8192 allocating memory for name pointers...
-----------------------------------------------------------------
 13828096            total memory allocated

Loading file 'C:\Users\User\Desktop\office-hooker\hooking_targets\ntdll.dll' into database...
Detected file format: Portable executable for 80386 (PE)
Loading processor module C:\Program Files\IDA Pro 7.5\procs\pc.dll for metapc...Initializing processor module metapc...OK
Autoanalysis subsystem has been initialized.
  0. Creating a new segment  (4B281000-4B3A1000) ... ... OK
  1. Creating a new segment  (4B3A1000-4B3A2000) ... ... OK
  2. Creating a new segment  (4B3A2000-4B3A3000) ... ... OK
  3. Creating a new segment  (4B3A3000-4B3A9000) ... ... OK
  4. Creating a new segment  (4B3A9000-4B3AC000) ... ... OK
  5. Creating a new segment  (4B3AC000-4B3AD000) ... ... OK
Reading exports directory...
Applying fixups...
The input file was linked with debug information
 and the symbol filename is:
"wntdll.pdb"
Do you want to look for this file at the specified path
and the Microsoft Symbol Server?
 -> ~Y~es
PDB: using PDBIDA provider
PDB: loading C:\Users\User\AppData\Local\Temp\ida\wntdll.pdb\B6EB6DFF017F36A18E8034D67B4DA9941\wntdll.pdb
Type library 'mssdk_win7' loaded. Applying types...
Types applied to 71 names.
PDB: loaded 1244 types
PDB: total 4910 symbols loaded for "C:\Users\User\Desktop\office-hooker\hooking_targets\ntdll.dll"
Unknown debug info type 20 in IMAGE_DEBUG_DIRECTORY
Plan  FLIRT signature: SEH for vc7-14
Marking typical code sequences...
Flushing buffers, please wait...ok
File 'C:\Users\User\Desktop\office-hooker\hooking_targets\ntdll.dll' has been successfully loaded into the database.
Hex-Rays Decompiler plugin has been loaded (v7.5.0.200519)
  License: 57-BD5B-7F44-5D Institute of Information Engineering,Chinese Academy of Sciences (1 user)
  The hotkeys are F5: decompile, Ctrl-F5: decompile all.
  Please check the Edit/Plugins menu for more informaton.
IDAPython Hex-Rays bindings initialized.
IDA is analysing the input file...
You may start to explore the input file right now.
Using FLIRT signature: SEH for vc7-14
Propagating type information...
Function argument information has been propagated
The initial autoanalysis has been finished.
Enum function list length: 4281
Flushing buffers, please wait...ok
Unloading IDP module C:\Program Files\IDA Pro 7.5\procs\pc.dll...
Possible file format: MS-DOS executable (EXE) (C:\Program Files\IDA Pro 7.5\loaders\dos.dll)
Possible file format: Portable executable for 80386 (PE) (C:\Program Files\IDA Pro 7.5\loaders\pe.dll)

  bytes   pages size description
--------- ----- ---- --------------------------------------------
  6782976   828 8192 allocating memory for b-tree...
  6782976   828 8192 allocating memory for virtual array...
   262144    32 8192 allocating memory for name pointers...
-----------------------------------------------------------------
 13828096            total memory allocated

Loading file 'C:\Users\User\Desktop\office-hooker\hooking_targets\ntdll.dll' into database...
Detected file format: Portable executable for 80386 (PE)
Loading processor module C:\Program Files\IDA Pro 7.5\procs\pc.dll for metapc...Initializing processor module metapc...OK
Autoanalysis subsystem has been initialized.
  0. Creating a new segment  (4B281000-4B3A1000) ... ... OK
  1. Creating a new segment  (4B3A1000-4B3A2000) ... ... OK
  2. Creating a new segment  (4B3A2000-4B3A3000) ... ... OK
  3. Creating a new segment  (4B3A3000-4B3A9000) ... ... OK
  4. Creating a new segment  (4B3A9000-4B3AC000) ... ... OK
  5. Creating a new segment  (4B3AC000-4B3AD000) ... ... OK
Reading exports directory...
Applying fixups...
The input file was linked with debug information
 and the symbol filename is:
"wntdll.pdb"
Do you want to look for this file at the specified path
and the Microsoft Symbol Server?
 -> ~Y~es
PDB: using PDBIDA provider
PDB: loading C:\Users\User\AppData\Local\Temp\ida\wntdll.pdb\B6EB6DFF017F36A18E8034D67B4DA9941\wntdll.pdb
Type library 'mssdk_win7' loaded. Applying types...
Types applied to 71 names.
PDB: loaded 1244 types
PDB: total 4910 symbols loaded for "C:\Users\User\Desktop\office-hooker\hooking_targets\ntdll.dll"
Unknown debug info type 20 in IMAGE_DEBUG_DIRECTORY
Plan  FLIRT signature: SEH for vc7-14
Marking typical code sequences...
Flushing buffers, please wait...ok
File 'C:\Users\User\Desktop\office-hooker\hooking_targets\ntdll.dll' has been successfully loaded into the database.
Hex-Rays Decompiler plugin has been loaded (v7.5.0.200519)
  License: 57-BD5B-7F44-5D Institute of Information Engineering,Chinese Academy of Sciences (1 user)
  The hotkeys are F5: decompile, Ctrl-F5: decompile all.
  Please check the Edit/Plugins menu for more informaton.
IDAPython Hex-Rays bindings initialized.
IDA is analysing the input file...
You may start to explore the input file right now.
Using FLIRT signature: SEH for vc7-14
Propagating type information...
Function argument information has been propagated
The initial autoanalysis has been finished.
Enum function list length: 4281
Flushing buffers, please wait...ok
Unloading IDP module C:\Program Files\IDA Pro 7.5\procs\pc.dll...
